<?xml version="1.0" encoding="UTF-8"?>
<testng-results ignored="0" total="1" passed="1" failed="0" skipped="0">
  <reporter-output>
  </reporter-output>
  <suite started-at="2025-05-16T20:46:09 IST" name="Default suite" finished-at="2025-05-16T20:46:15 IST" duration-ms="5256">
    <groups>
    </groups>
    <test started-at="2025-05-16T20:46:09 IST" name="Default test" finished-at="2025-05-16T20:46:15 IST" duration-ms="5256">
      <class name="testingbaba.TestingBabaFirst">
        <test-method signature="launchurl()[pri:0, instance:testingbaba.TestingBabaFirst@752325ad]" started-at="2025-05-16T20:46:10 IST" name="launchurl" finished-at="2025-05-16T20:46:15 IST" duration-ms="5203" status="PASS">
          <reporter-output>
          </reporter-output>
        </test-method> <!-- launchurl -->
      </class> <!-- testingbaba.TestingBabaFirst -->
    </test> <!-- Default test -->
  </suite> <!-- Default suite -->
</testng-results>
